seed 42, num_epochs 50, batch_size 64, lr 0.1, wd 0.0005, loss_temp 0.05, num_layers 1, output_dim 768
Starting new HTTPS connection (1): huggingface.co:443
https://huggingface.co:443 "HEAD /distilbert/distilbert-base-multilingual-cased/resolve/main/tokenizer_config.json HTTP/1.1" 200 0
https://huggingface.co:443 "HEAD /distilbert/distilbert-base-multilingual-cased/resolve/main/config.json HTTP/1.1" 200 0
### Epoch 0
Train Loss: 0.06272340536865617, Train Acc: 0.029430557807299466
Valid Loss: 0.04335792976414318, Valid Acc: 0.18680144955178332
Test ARI: 0.0028454784063372254
### Epoch 1
Train Loss: 0.035603655262621506, Train Acc: 0.30519660108528757
Valid Loss: 0.02820523154433165, Valid Acc: 0.4444020598893763
Test ARI: 0.003568798757985625
### Epoch 2
Train Loss: 0.02248138368089371, Train Acc: 0.5608209275489476
Valid Loss: 0.0170366668210056, Valid Acc: 0.6895288956704178
Test ARI: 0.007194520253452775
### Epoch 3
Train Loss: 0.018888130264909236, Train Acc: 0.6350935083017825
Valid Loss: 0.017416703371335003, Valid Acc: 0.6764066374213237
Test ARI: 0.005442132871831716
### Epoch 4
Train Loss: 0.017562788209951816, Train Acc: 0.6639900054359748
Valid Loss: 0.0152766906576213, Valid Acc: 0.7176807171466717
Test ARI: 0.005618555682022913
### Epoch 5
Train Loss: 0.015083817549554556, Train Acc: 0.7149355789313064
Valid Loss: 0.015550353161915326, Valid Acc: 0.7073812702651154
Test ARI: 0.004383962573465089
### Epoch 6
Train Loss: 0.01365001194956183, Train Acc: 0.7417530541594743
Valid Loss: 0.011785951053825653, Valid Acc: 0.7853137516688918
Test ARI: 0.007819298769014717
### Epoch 7
Train Loss: 0.01151277890524345, Train Acc: 0.7841536568850911
Valid Loss: 0.009628550535209666, Valid Acc: 0.8320045775319473
Test ARI: 0.011999638445459494
### Epoch 8
Train Loss: 0.01035219455764178, Train Acc: 0.8066414259419972
Valid Loss: 0.008861205786688283, Valid Acc: 0.8445927903871829
Test ARI: 0.012364939961074956
### Epoch 9
Train Loss: 0.010104320947547787, Train Acc: 0.8109806689109931
Valid Loss: 0.01094719096378768, Valid Acc: 0.7967194354377265
Test ARI: 0.01443575087938794
### Epoch 10
Train Loss: 0.00971395646389083, Train Acc: 0.8192586093441544
Valid Loss: 0.00942886606293645, Valid Acc: 0.833988174709136
Test ARI: 0.016903034580286004
### Epoch 11
Train Loss: 0.009267647015144275, Train Acc: 0.8282899567983063
Valid Loss: 0.008606881832612646, Valid Acc: 0.8511539195117299
Test ARI: 0.014601327485360365
### Epoch 12
Train Loss: 0.00865823744642392, Train Acc: 0.8392572741924716
Valid Loss: 0.008584469510197935, Valid Acc: 0.8531756627884799
Test ARI: 0.016259784774478973
### Epoch 13
Train Loss: 0.008289661743655974, Train Acc: 0.8451319415966507
Valid Loss: 0.008045438176435571, Valid Acc: 0.852717909593744
Test ARI: 0.018104535954205237
### Epoch 14
Train Loss: 0.007726752697885442, Train Acc: 0.856928960393679
Valid Loss: 0.006661916250903348, Valid Acc: 0.8862101850085828
Test ARI: 0.012838054322902926
### Epoch 15
Train Loss: 0.007548418721154806, Train Acc: 0.8610488570147916
Valid Loss: 0.006499792585135552, Valid Acc: 0.8883463665840168
Test ARI: 0.017046607008569154
### Epoch 16
Train Loss: 0.007158626220354459, Train Acc: 0.8689453255385906
Valid Loss: 0.006764865480896264, Valid Acc: 0.8807171466717528
Test ARI: 0.0158938636615426
### Epoch 17
Train Loss: 0.0069284581115272035, Train Acc: 0.8729793909800967
Valid Loss: 0.007221472664641533, Valid Acc: 0.8741941636467672
Test ARI: 0.016982542113062056
### Epoch 18
Train Loss: 0.006704363408449483, Train Acc: 0.8773567811400288
Valid Loss: 0.006316049293254865, Valid Acc: 0.890520694259012
Test ARI: 0.020550960262837963
### Epoch 19
Train Loss: 0.006604268359491285, Train Acc: 0.8790924783276272
Valid Loss: 0.0059334100264755345, Valid Acc: 0.9014686248331109
Test ARI: 0.012644597730481192
### Epoch 20
Train Loss: 0.006318285885781866, Train Acc: 0.8831742277578035
Valid Loss: 0.00549923037097992, Valid Acc: 0.9043295823002098
Test ARI: 0.019533960196319856
### Epoch 21
Train Loss: 0.006190794362241, Train Acc: 0.886435812582851
Valid Loss: 0.005618245568003519, Valid Acc: 0.9046347510967003
Test ARI: 0.01768100760202292
### Epoch 22
Train Loss: 0.006078849172419599, Train Acc: 0.8894875878577492
Valid Loss: 0.005725859093934371, Valid Acc: 0.9012397482357429
Test ARI: 0.0227772535594948
### Epoch 23
Train Loss: 0.006044998806842967, Train Acc: 0.88963063982376
Valid Loss: 0.005194759387654384, Valid Acc: 0.913065039099752
Test ARI: 0.021840589286134398
### Epoch 24
Train Loss: 0.005963272564751566, Train Acc: 0.8913472634158902
Valid Loss: 0.005360544988064509, Valid Acc: 0.9063513255769597
Test ARI: 0.014718720472902133
### Epoch 25
Train Loss: 0.005840125509310657, Train Acc: 0.8930448134125524
Valid Loss: 0.005407376025222354, Valid Acc: 0.907686439061606
Test ARI: 0.020847990561524143
### Epoch 26
Train Loss: 0.005846208972637003, Train Acc: 0.8933118437491059
Valid Loss: 0.0051575747767796205, Valid Acc: 0.9116917795155446
Test ARI: 0.017731926485924258
### Epoch 27
Train Loss: 0.005775931110776644, Train Acc: 0.8937982204335428
Valid Loss: 0.004877229976490347, Valid Acc: 0.9185580774365821
Test ARI: 0.02168968664583547
### Epoch 28
Train Loss: 0.005602069104227237, Train Acc: 0.8969835108767178
Valid Loss: 0.005310469780251563, Valid Acc: 0.9084493610528324
Test ARI: 0.018401880846397226
### Epoch 29
Train Loss: 0.005537972222415252, Train Acc: 0.8977655282909105
Valid Loss: 0.004688565639930669, Valid Acc: 0.9203509441159642
Test ARI: 0.02202604848270158
### Epoch 30
Train Loss: 0.005244974902834721, Train Acc: 0.9042314771546011
Valid Loss: 0.004877342313852061, Valid Acc: 0.915925996566851
Test ARI: 0.013773326390426522
### Epoch 31
Train Loss: 0.0052070678288265605, Train Acc: 0.9058718063648588
Valid Loss: 0.004567574339469562, Valid Acc: 0.9244707228685867
Test ARI: 0.024064391237119623
### Epoch 32
Train Loss: 0.005120690243703491, Train Acc: 0.906587066194913
Valid Loss: 0.004626234370846341, Valid Acc: 0.922487125691398
Test ARI: 0.020479966369948647
### Epoch 33
Train Loss: 0.0050307636086868255, Train Acc: 0.9085421097303947
Valid Loss: 0.004464692245133615, Valid Acc: 0.9267213427427046
Test ARI: 0.020016836072583824
### Epoch 34
Train Loss: 0.005029740614490281, Train Acc: 0.9086088673145332
Valid Loss: 0.0045162337993975244, Valid Acc: 0.9249666221628838
Test ARI: 0.015347080643946206
### Epoch 35
Train Loss: 0.005030235775868894, Train Acc: 0.9093718111332577
Valid Loss: 0.0045655281522586424, Valid Acc: 0.9241655540720961
Test ARI: 0.01668188119543906
### Epoch 36
Train Loss: 0.004934671372412539, Train Acc: 0.9104876164681424
Valid Loss: 0.004565885777569399, Valid Acc: 0.9229067327865725
Test ARI: 0.016786539551481083
### Epoch 37
Train Loss: 0.004937282337528664, Train Acc: 0.9106306684341532
Valid Loss: 0.005163390947541003, Valid Acc: 0.9101659355330918
Test ARI: 0.01503388863786759
### Epoch 38
Train Loss: 0.004222640549679997, Train Acc: 0.9229903582974909
Valid Loss: 0.004110432948953387, Valid Acc: 0.9332824718672516
Test ARI: 0.01705047484262279
### Epoch 39
Train Loss: 0.004074932302052986, Train Acc: 0.9268432245820498
Valid Loss: 0.004163841823914932, Valid Acc: 0.9319473583826053
Test ARI: 0.023257541803445338
### Epoch 40
Train Loss: 0.004052369602966953, Train Acc: 0.9267383198069752
Valid Loss: 0.004360257097380138, Valid Acc: 0.924394430669464
Test ARI: 0.02169760798858685
### Epoch 41
Train Loss: 0.00406694757983519, Train Acc: 0.9268909085707201
Valid Loss: 0.00397675031017716, Valid Acc: 0.9337020789624261
Test ARI: 0.01783028455063643
### Epoch 42
Train Loss: 0.003977039412818079, Train Acc: 0.9278541251418598
Valid Loss: 0.00402432416382578, Valid Acc: 0.9322525271790959
Test ARI: 0.019716872296036272
### Epoch 43
Train Loss: 0.003970075509706485, Train Acc: 0.9274535796370295
Valid Loss: 0.0036842392810469203, Valid Acc: 0.9381651726111006
Test ARI: 0.015624673653818798
### Epoch 44
Train Loss: 0.00389839191349376, Train Acc: 0.9298377790705437
Valid Loss: 0.003709435234162136, Valid Acc: 0.9394239938966241
Test ARI: 0.026119874600959648
### Epoch 45
Train Loss: 0.00390159444232445, Train Acc: 0.9292941815997025
Valid Loss: 0.003517724763038571, Valid Acc: 0.942284951363723
Test ARI: 0.017886800190374613
### Epoch 46
Train Loss: 0.0038607632394762853, Train Acc: 0.9300285150252249
Valid Loss: 0.003542716863124443, Valid Acc: 0.943238603852756
Test ARI: 0.016674207206714507
### Epoch 47
Train Loss: 0.0038196328896922403, Train Acc: 0.9301620301935016
Valid Loss: 0.0038333068560398925, Valid Acc: 0.9381270265115392
Test ARI: 0.02209379071583933
### Epoch 48
Train Loss: 0.0038084640646499934, Train Acc: 0.9310394155850349
Valid Loss: 0.0035804650657292473, Valid Acc: 0.9416746137707419
Test ARI: 0.020732743900989645
### Epoch 49
Train Loss: 0.0037914189856909737, Train Acc: 0.9321170737289833
Valid Loss: 0.0036777718479729282, Valid Acc: 0.9394239938966241
Test ARI: 0.026291391454201223
Best Val Acc: 0.943238603852756
Test ARI of Best Val Acc Model: 0.016674207206714507
Run Time: 532.7032339
