seed 42, num_epochs 50, batch_size 64, lr 0.1, wd 0.0005, loss_temp 0.05, num_layers 2, output_dim 768
Starting new HTTPS connection (1): huggingface.co:443
https://huggingface.co:443 "HEAD /distilbert/distilbert-base-multilingual-cased/resolve/main/tokenizer_config.json HTTP/1.1" 200 0
https://huggingface.co:443 "HEAD /distilbert/distilbert-base-multilingual-cased/resolve/main/config.json HTTP/1.1" 200 0
### Epoch 0
Train Loss: 0.06506191222266172, Train Acc: 0.015611737890651078
Valid Loss: 0.06502560348699912, Valid Acc: 0.01541102422277322
Test ARI: 0.004367638462519566
### Epoch 1
Train Loss: 0.06502570072037538, Train Acc: 0.015688032272523533
Valid Loss: 0.06502561563757024, Valid Acc: 0.01567804691970246
Test ARI: -0.005212389136989433
### Epoch 2
Train Loss: 0.06501556752035173, Train Acc: 0.015401928340501827
Valid Loss: 0.06502557134619201, Valid Acc: 0.01563990082014114
Test ARI: -0.0023055212966277654
### Epoch 3
Train Loss: 0.06501310472648385, Train Acc: 0.015344707554097486
Valid Loss: 0.06502560534232585, Valid Acc: 0.01586877741750906
Test ARI: 0.0013683689975259412
### Epoch 4
Train Loss: 0.0650134887196179, Train Acc: 0.015678495474789476
Valid Loss: 0.06502562465955118, Valid Acc: 0.0155636086210185
Test ARI: 0.0019429611291168763
### Epoch 5
Train Loss: 0.06500989580845185, Train Acc: 0.015468685924640225
Valid Loss: 0.06502558671630068, Valid Acc: 0.017432767499523175
Test ARI: -0.0038785267736841426
### Epoch 6
Train Loss: 0.0650079529393002, Train Acc: 0.01563081148611919
Valid Loss: 0.06500388772438075, Valid Acc: 0.02918176616440969
Test ARI: 0.0004801141281348037
### Epoch 7
Train Loss: 0.050833502431709233, Train Acc: 0.08967450909333664
Valid Loss: 0.04737460980223445, Valid Acc: 0.12210566469578486
Test ARI: 0.006600462648259333
### Epoch 8
Train Loss: 0.04027988769770776, Train Acc: 0.21008611728353854
Valid Loss: 0.035242688348905836, Valid Acc: 0.30596986458134656
Test ARI: 0.006273844254776412
### Epoch 9
Train Loss: 0.03675735433469297, Train Acc: 0.26212842251828683
Valid Loss: 0.03623771453754106, Valid Acc: 0.2738127026511539
Test ARI: 0.006272938223668011
### Epoch 10
Train Loss: 0.03565696627150318, Train Acc: 0.28036277978580354
Valid Loss: 0.03181499674100583, Valid Acc: 0.3816517261110052
Test ARI: 0.006386092673659353
### Epoch 11
Train Loss: 0.030476365836388776, Train Acc: 0.38727981918231497
Valid Loss: 0.026367976809648436, Valid Acc: 0.5016593553309174
Test ARI: 0.0025006233929096263
### Epoch 12
Train Loss: 0.026715577757733606, Train Acc: 0.46349790667289736
Valid Loss: 0.021464848582034755, Valid Acc: 0.5978256723250047
Test ARI: 0.011771196057576523
### Epoch 13
Train Loss: 0.02343707832742172, Train Acc: 0.5304176163727744
Valid Loss: 0.021043701465635067, Valid Acc: 0.6011443829868396
Test ARI: 0.0029105535889400757
### Epoch 14
Train Loss: 0.022566443438027786, Train Acc: 0.546630172520671
Valid Loss: 0.020602741788048884, Valid Acc: 0.6057982071333207
Test ARI: 0.0035834322284957294
### Epoch 15
Train Loss: 0.022140767296867356, Train Acc: 0.5586656112610507
Valid Loss: 0.019403265137811574, Valid Acc: 0.6384131222582491
Test ARI: 0.0008614232201590214
### Epoch 16
Train Loss: 0.021708452328218893, Train Acc: 0.5655034952363696
Valid Loss: 0.02000065652691588, Valid Acc: 0.6251382796109097
Test ARI: 0.003258438522337831
### Epoch 17
Train Loss: 0.02151072537404363, Train Acc: 0.5706724396082283
Valid Loss: 0.018928370049680527, Valid Acc: 0.6484836925424375
Test ARI: 0.0007067795199342826
### Epoch 18
Train Loss: 0.02123726503061198, Train Acc: 0.5757174056095444
Valid Loss: 0.018382488005538263, Valid Acc: 0.6594697692160977
Test ARI: 0.0023705376173115095
### Epoch 19
Train Loss: 0.021059078061751304, Train Acc: 0.5775007867858131
Valid Loss: 0.018265147068653766, Valid Acc: 0.6618348273888995
Test ARI: 0.0031332454453253506
### Epoch 20
Train Loss: 0.01979679315016078, Train Acc: 0.6059395176287706
Valid Loss: 0.016039089928731966, Valid Acc: 0.704596604997139
Test ARI: 0.0036309201387324246
### Epoch 21
Train Loss: 0.01838015570723738, Train Acc: 0.6344259324603985
Valid Loss: 0.015177339066445953, Valid Acc: 0.7255388136563037
Test ARI: 0.0027146165463975643
### Epoch 22
Train Loss: 0.017612330705973085, Train Acc: 0.6518401251227862
Valid Loss: 0.015047282184009308, Valid Acc: 0.725462521457181
Test ARI: 0.0038762702139225713
### Epoch 23
Train Loss: 0.016999795981604098, Train Acc: 0.6652679363323383
Valid Loss: 0.013179890004001046, Valid Acc: 0.766965477779897
Test ARI: 0.010236916640814149
### Epoch 24
Train Loss: 0.015656104817771476, Train Acc: 0.6934587104342104
Valid Loss: 0.01341981934200551, Valid Acc: 0.753957657829487
Test ARI: 0.012809296628581119
### Epoch 25
Train Loss: 0.015013025056338456, Train Acc: 0.7071916991712522
Valid Loss: 0.01215854253838041, Valid Acc: 0.7826435246995994
Test ARI: 0.012772155177440828
### Epoch 26
Train Loss: 0.014797082487978879, Train Acc: 0.7118551932632061
Valid Loss: 0.011721059176932303, Valid Acc: 0.7935533091741369
Test ARI: 0.008076300772540918
### Epoch 27
Train Loss: 0.014620748962828462, Train Acc: 0.7138293103941559
Valid Loss: 0.012393573851342559, Valid Acc: 0.7777989700553118
Test ARI: 0.006055129026491013
### Epoch 28
Train Loss: 0.01446741951088669, Train Acc: 0.7197707353824733
Valid Loss: 0.01198405920492882, Valid Acc: 0.7913789814991418
Test ARI: 0.00902389822988346
### Epoch 29
Train Loss: 0.01428175320787378, Train Acc: 0.7224887227366795
Valid Loss: 0.011968718422248167, Valid Acc: 0.7898149914171276
Test ARI: 0.014667238065681779
### Epoch 30
Train Loss: 0.014196594251016522, Train Acc: 0.724415155878959
Valid Loss: 0.011486824800693964, Valid Acc: 0.8011443829868395
Test ARI: 0.011032346660145586
### Epoch 31
Train Loss: 0.014127991427709673, Train Acc: 0.7257407707639929
Valid Loss: 0.01237528062539771, Valid Acc: 0.7848178523745947
Test ARI: 0.011239516740149438
### Epoch 32
Train Loss: 0.013970682931300828, Train Acc: 0.7277148878949427
Valid Loss: 0.011287832386321337, Valid Acc: 0.8041579248521838
Test ARI: 0.003191347667533956
### Epoch 33
Train Loss: 0.013935468241479867, Train Acc: 0.7286781044660824
Valid Loss: 0.011381993369021171, Valid Acc: 0.8000381460995614
Test ARI: 0.006771389152797894
### Epoch 34
Train Loss: 0.01378360861613567, Train Acc: 0.7332557673784297
Valid Loss: 0.011229999281853954, Valid Acc: 0.8036238794583254
Test ARI: 0.006281982409864891
### Epoch 35
Train Loss: 0.013440139279550668, Train Acc: 0.7379192614703834
Valid Loss: 0.010745198995403585, Valid Acc: 0.8144192256341789
Test ARI: 0.00490247247953657
### Epoch 36
Train Loss: 0.012811012887754167, Train Acc: 0.7488388948758786
Valid Loss: 0.010759614446384635, Valid Acc: 0.8064085447263017
Test ARI: 0.010611010722062341
### Epoch 37
Train Loss: 0.012420152459838131, Train Acc: 0.7571549824999761
Valid Loss: 0.00976125168000017, Valid Acc: 0.8344077818043105
Test ARI: 0.010073351306945423
### Epoch 38
Train Loss: 0.012356401528910772, Train Acc: 0.7599492642360548
Valid Loss: 0.009744360858239496, Valid Acc: 0.832920083921419
Test ARI: 0.009517265424713003
### Epoch 39
Train Loss: 0.012122509058185505, Train Acc: 0.7645746111370724
Valid Loss: 0.010006979829183226, Valid Acc: 0.8230020980354759
Test ARI: 0.005369456466141169
### Epoch 40
Train Loss: 0.011984482427180978, Train Acc: 0.7658430052357019
Valid Loss: 0.009718747944316177, Valid Acc: 0.8302498569521266
Test ARI: 0.008024054805263553
### Epoch 41
Train Loss: 0.011925715043434105, Train Acc: 0.7672830616935445
Valid Loss: 0.009372617851430488, Valid Acc: 0.842456608811749
Test ARI: 0.010005491536279826
### Epoch 42
Train Loss: 0.011889755352965634, Train Acc: 0.7696100403406544
Valid Loss: 0.009284331619841848, Valid Acc: 0.8409689109288575
Test ARI: 0.010896186440038579
### Epoch 43
Train Loss: 0.011724735104251085, Train Acc: 0.7724520060654033
Valid Loss: 0.009828050141568269, Valid Acc: 0.8307457562464238
Test ARI: 0.0107558286271651
### Epoch 44
Train Loss: 0.011695900660294578, Train Acc: 0.7733103178614684
Valid Loss: 0.00931495380224264, Valid Acc: 0.8382605378600038
Test ARI: 0.011611101645493808
### Epoch 45
Train Loss: 0.011555652710063057, Train Acc: 0.7745501015668959
Valid Loss: 0.009724678754260835, Valid Acc: 0.8355521647911501
Test ARI: 0.011871298688341613
### Epoch 46
Train Loss: 0.011634716092252681, Train Acc: 0.7734915170184156
Valid Loss: 0.00957855774818339, Valid Acc: 0.8347892427999237
Test ARI: 0.01379984822665259
### Epoch 47
Train Loss: 0.010691439114822303, Train Acc: 0.7920691990043583
Valid Loss: 0.009190105946264534, Valid Acc: 0.8429525081060462
Test ARI: 0.00912286173111407
### Epoch 48
Train Loss: 0.01053727947321378, Train Acc: 0.79503514309965
Valid Loss: 0.00874000463962282, Valid Acc: 0.8537478542818997
Test ARI: 0.007990289687499907
### Epoch 49
Train Loss: 0.010358448161328701, Train Acc: 0.7982013599473569
Valid Loss: 0.008784752493593135, Valid Acc: 0.850810604615678
Test ARI: 0.009336688620080557
Best Val Acc: 0.8537478542818997
Test ARI of Best Val Acc Model: 0.007990289687499907
Run Time: 681.1235703
