seed 42, num_epochs 50, batch_size 64, lr 0.1, wd 0.0005, loss_temp 0.05, num_layers 0, output_dim 768
Starting new HTTPS connection (1): huggingface.co:443
https://huggingface.co:443 "HEAD /distilbert/distilbert-base-multilingual-cased/resolve/main/tokenizer_config.json HTTP/1.1" 200 0
https://huggingface.co:443 "HEAD /distilbert/distilbert-base-multilingual-cased/resolve/main/config.json HTTP/1.1" 200 0
### Epoch 0
Train Loss: 0.030097603288308433, Train Acc: 0.4966668891919471
Valid Loss: 0.011996543629124445, Valid Acc: 0.7860766736601182
Test ARI: 0.014687961199423718
### Epoch 1
Train Loss: 0.010279134900008504, Train Acc: 0.8146332624431368
Valid Loss: 0.009771509762144989, Valid Acc: 0.8260537860003815
Test ARI: 0.015022848996029198
### Epoch 2
Train Loss: 0.00868668172700006, Train Acc: 0.8440542834527023
Valid Loss: 0.008147007735112503, Valid Acc: 0.8537478542818997
Test ARI: 0.015106283969376062
### Epoch 3
Train Loss: 0.0074096430565812315, Train Acc: 0.8682205289108024
Valid Loss: 0.0077654903873605125, Valid Acc: 0.8595460614152203
Test ARI: 0.012116051873974373
### Epoch 4
Train Loss: 0.006626625522469933, Train Acc: 0.8830502493872607
Valid Loss: 0.00673545097522601, Valid Acc: 0.8841121495327103
Test ARI: 0.012819509983432691
### Epoch 5
Train Loss: 0.006181375870833618, Train Acc: 0.8911756010566771
Valid Loss: 0.007343721640444247, Valid Acc: 0.874651916841503
Test ARI: 0.01879854865748824
### Epoch 6
Train Loss: 0.005906487436405037, Train Acc: 0.8948568049820231
Valid Loss: 0.006570971466852421, Valid Acc: 0.8794964714857906
Test ARI: 0.015859944952781396
### Epoch 7
Train Loss: 0.005343002517107829, Train Acc: 0.9065775293971791
Valid Loss: 0.005232095699341679, Valid Acc: 0.909593744039672
Test ARI: 0.01420445127419368
### Epoch 8
Train Loss: 0.004871123708248188, Train Acc: 0.9152750889306389
Valid Loss: 0.004832766227951355, Valid Acc: 0.9203127980164029
Test ARI: 0.01921667308091383
### Epoch 9
Train Loss: 0.004563308316152231, Train Acc: 0.9215979858283185
Valid Loss: 0.004682439125700578, Valid Acc: 0.9182529086400916
Test ARI: 0.017940536969663145
### Epoch 10
Train Loss: 0.004343921393026732, Train Acc: 0.9242110684074502
Valid Loss: 0.004981189181780556, Valid Acc: 0.9143620064848369
Test ARI: 0.01734710468597255
### Epoch 11
Train Loss: 0.004168089825208758, Train Acc: 0.9278445883441259
Valid Loss: 0.004922868959689536, Valid Acc: 0.9137135227922945
Test ARI: 0.020450005722334675
### Epoch 12
Train Loss: 0.003913745841859745, Train Acc: 0.9319358745720362
Valid Loss: 0.004113164277231787, Valid Acc: 0.9306503909975204
Test ARI: 0.01707412400739362
### Epoch 13
Train Loss: 0.003754471212819341, Train Acc: 0.9360080872044785
Valid Loss: 0.003821090695093134, Valid Acc: 0.9363723059317185
Test ARI: 0.019842491504099107
### Epoch 14
Train Loss: 0.0035929112265925085, Train Acc: 0.9383922866379927
Valid Loss: 0.003983798269242838, Valid Acc: 0.9326339881747091
Test ARI: 0.014028635613740377
### Epoch 15
Train Loss: 0.0034646327327848957, Train Acc: 0.9396988279275584
Valid Loss: 0.003921103757993879, Valid Acc: 0.9323669654777799
Test ARI: 0.020404118336835295
### Epoch 16
Train Loss: 0.003427274207693247, Train Acc: 0.940957685228454
Valid Loss: 0.0037275737500727323, Valid Acc: 0.9383940492084685
Test ARI: 0.01693479474012147
### Epoch 17
Train Loss: 0.003349505082736732, Train Acc: 0.9421211745520089
Valid Loss: 0.0034174443158102065, Valid Acc: 0.9450696166316994
Test ARI: 0.02143485867291447
### Epoch 18
Train Loss: 0.003272898355716959, Train Acc: 0.9440476076942884
Valid Loss: 0.004458560996523527, Valid Acc: 0.9195880221247378
Test ARI: 0.018115323667283724
### Epoch 19
Train Loss: 0.0032263726812755476, Train Acc: 0.9454399801634608
Valid Loss: 0.0036009318772763804, Valid Acc: 0.9401487697882891
Test ARI: 0.019393296787880467
### Epoch 20
Train Loss: 0.003198262159879902, Train Acc: 0.9450585082540984
Valid Loss: 0.003621616020255841, Valid Acc: 0.9363723059317185
Test ARI: 0.01889859144301693
### Epoch 21
Train Loss: 0.0031488861758297267, Train Acc: 0.9461170928025787
Valid Loss: 0.003727225169763978, Valid Acc: 0.9364485981308411
Test ARI: 0.021786736609309507
### Epoch 22
Train Loss: 0.002586985385188034, Train Acc: 0.9562260984006791
Valid Loss: 0.003170237867841961, Valid Acc: 0.9478924279992371
Test ARI: 0.020325312177928784
### Epoch 23
Train Loss: 0.0025362279390287058, Train Acc: 0.9565122023327007
Valid Loss: 0.0030426210548139677, Valid Acc: 0.9490368109860767
Test ARI: 0.025494333055167948
### Epoch 24
Train Loss: 0.0025426154668965273, Train Acc: 0.9568650638488608
Valid Loss: 0.003129693676633915, Valid Acc: 0.950028609574671
Test ARI: 0.020936927274734663
### Epoch 25
Train Loss: 0.0024885949095049256, Train Acc: 0.9581906787338947
Valid Loss: 0.002945841257265909, Valid Acc: 0.9511729925615106
Test ARI: 0.02721118608337472
### Epoch 26
Train Loss: 0.002461849044818456, Train Acc: 0.9588010337888744
Valid Loss: 0.003231918709766494, Valid Acc: 0.9450314705321381
Test ARI: 0.019496351568812666
### Epoch 27
Train Loss: 0.0024324752572657694, Train Acc: 0.9595639776075989
Valid Loss: 0.0030594268252768634, Valid Acc: 0.9502956322716002
Test ARI: 0.019836461925401786
### Epoch 28
Train Loss: 0.0024210273520263834, Train Acc: 0.95975471356228
Valid Loss: 0.002839053105886215, Valid Acc: 0.954796872019836
Test ARI: 0.02248849813851222
### Epoch 29
Train Loss: 0.0023921067740944445, Train Acc: 0.959592588000801
Valid Loss: 0.0029678357824407505, Valid Acc: 0.9499523173755483
Test ARI: 0.021901100309639
### Epoch 30
Train Loss: 0.0023563016256013046, Train Acc: 0.9605367309764727
Valid Loss: 0.0027530001274972795, Valid Acc: 0.9541102422277322
Test ARI: 0.01918173764774086
### Epoch 31
Train Loss: 0.0023430375408612187, Train Acc: 0.96076561412209
Valid Loss: 0.0029541508717582854, Valid Acc: 0.9499523173755483
Test ARI: 0.026085574006694152
### Epoch 32
Train Loss: 0.0023043231781807757, Train Acc: 0.9609468132790372
Valid Loss: 0.0027248868137887934, Valid Acc: 0.9541102422277322
Test ARI: 0.023062791240632336
### Epoch 33
Train Loss: 0.002353012661168066, Train Acc: 0.9596211983940033
Valid Loss: 0.003148564872522516, Valid Acc: 0.945260347129506
Test ARI: 0.02138099005553825
### Epoch 34
Train Loss: 0.0023088809225520627, Train Acc: 0.9611661596269204
Valid Loss: 0.0029656294634522722, Valid Acc: 0.9485409116917796
Test ARI: 0.023799834625183064
### Epoch 35
Train Loss: 0.002311068065508195, Train Acc: 0.9612329172110589
Valid Loss: 0.0027923810008530303, Valid Acc: 0.9530802975395766
Test ARI: 0.02013609758198284
### Epoch 36
Train Loss: 0.002328606277749856, Train Acc: 0.9608609820994306
Valid Loss: 0.0029011111381784687, Valid Acc: 0.9502193400724775
Test ARI: 0.019591674558621045
### Epoch 37
Train Loss: 0.0019729251320151947, Train Acc: 0.9671552686039082
Valid Loss: 0.002583316253150394, Valid Acc: 0.9579629982834256
Test ARI: 0.02149321163945325
### Epoch 38
Train Loss: 0.001963538111285209, Train Acc: 0.9674222989404617
Valid Loss: 0.002695458018436428, Valid Acc: 0.9575052450886897
Test ARI: 0.018678079415024546
### Epoch 39
Train Loss: 0.001962196119233753, Train Acc: 0.9680994115795798
Valid Loss: 0.0026019387327997187, Valid Acc: 0.9580392904825482
Test ARI: 0.019357589734713743
### Epoch 40
Train Loss: 0.001966184451435704, Train Acc: 0.9672601733789828
Valid Loss: 0.0027421638842770875, Valid Acc: 0.95491131031852
Test ARI: 0.02526829506229477
### Epoch 41
Train Loss: 0.0019321192531083274, Train Acc: 0.9681852427591863
Valid Loss: 0.002641189566879311, Valid Acc: 0.9563990082014114
Test ARI: 0.018630395123646885
### Epoch 42
Train Loss: 0.0017492202961175245, Train Acc: 0.9713323860114251
Valid Loss: 0.002450575330458978, Valid Acc: 0.961358001144383
Test ARI: 0.019107799544853737
### Epoch 43
Train Loss: 0.0017252690846638102, Train Acc: 0.9714468275842337
Valid Loss: 0.0024489012880962403, Valid Acc: 0.9619683387373641
Test ARI: 0.01934090618092657
### Epoch 44
Train Loss: 0.001736880443334467, Train Acc: 0.9724386545485757
Valid Loss: 0.0024185748391056614, Valid Acc: 0.9616631699408735
Test ARI: 0.017991090813936964
### Epoch 45
Train Loss: 0.0017162211631666338, Train Acc: 0.9717996891003938
Valid Loss: 0.002437691125985368, Valid Acc: 0.9617394621399962
Test ARI: 0.022573962096627216
### Epoch 46
Train Loss: 0.0017060261943147614, Train Acc: 0.9721811610097562
Valid Loss: 0.002463587186129271, Valid Acc: 0.960175472057982
Test ARI: 0.02322668379841585
### Epoch 47
Train Loss: 0.0016976091868627105, Train Acc: 0.9721525506165539
Valid Loss: 0.002451997910539726, Valid Acc: 0.961358001144383
Test ARI: 0.015804814181870592
### Epoch 48
Train Loss: 0.0017020113298511486, Train Acc: 0.9720762562346815
Valid Loss: 0.002440759390748891, Valid Acc: 0.9602136181575434
Test ARI: 0.015762589238262893
### Epoch 49
Train Loss: 0.0015940002295063167, Train Acc: 0.9740885205565675
Valid Loss: 0.0023658710864949677, Valid Acc: 0.9623879458325386
Test ARI: 0.01929353748827993
Best Val Acc: 0.9623879458325386
Test ARI of Best Val Acc Model: 0.01929353748827993
Run Time: 417.226127
