seed 42, num_epochs 50, batch_size 64, lr 0.1, wd 0.0005, loss_temp 0.05, num_layers -1, output_dim 768
Starting new HTTPS connection (1): huggingface.co:443
https://huggingface.co:443 "HEAD /distilbert/distilbert-base-multilingual-cased/resolve/main/tokenizer_config.json HTTP/1.1" 200 0
https://huggingface.co:443 "HEAD /distilbert/distilbert-base-multilingual-cased/resolve/main/config.json HTTP/1.1" 200 0
### Epoch 0
Train Loss: 0.010894553161428443, Train Acc: 0.8231400860219156
Valid Loss: 0.003978124103449739, Valid Acc: 0.9356093839404921
Test ARI: 0.021394540202009763
### Epoch 1
Train Loss: 0.0032711244391758596, Train Acc: 0.9480912099335285
Valid Loss: 0.0030906984958056615, Valid Acc: 0.9498760251764257
Test ARI: 0.025650394339185104
### Epoch 2
Train Loss: 0.0026671481370242073, Train Acc: 0.9591252849118324
Valid Loss: 0.002675697426435126, Valid Acc: 0.9562845699027275
Test ARI: 0.019301904472953487
### Epoch 3
Train Loss: 0.0024087942915143553, Train Acc: 0.9641607141154144
Valid Loss: 0.003068791136313276, Valid Acc: 0.9523555216479115
Test ARI: 0.018352817547620495
### Epoch 4
Train Loss: 0.002197146460190679, Train Acc: 0.9686906930390914
Valid Loss: 0.002712716327899516, Valid Acc: 0.9583063131794775
Test ARI: 0.02486573526150763
### Epoch 5
Train Loss: 0.0020782259925669136, Train Acc: 0.9706266629791048
Valid Loss: 0.0023097792784210016, Valid Acc: 0.9625786763303452
Test ARI: 0.017263241346265293
### Epoch 6
Train Loss: 0.0019481639294132568, Train Acc: 0.9724481913463098
Valid Loss: 0.002319014204149821, Valid Acc: 0.964333396910166
Test ARI: 0.019829601277014205
### Epoch 7
Train Loss: 0.0018323028521216493, Train Acc: 0.9749563691503667
Valid Loss: 0.002180448116639769, Valid Acc: 0.9686820522601564
Test ARI: 0.023190867124208765
### Epoch 8
Train Loss: 0.0017369597718347423, Train Acc: 0.9759958801033789
Valid Loss: 0.0021517989903705485, Valid Acc: 0.970551211138661
Test ARI: 0.01679971788925678
### Epoch 9
Train Loss: 0.0016752271537512425, Train Acc: 0.9768923390903802
Valid Loss: 0.002065111357514785, Valid Acc: 0.969597558649628
Test ARI: 0.01702014550806856
### Epoch 10
Train Loss: 0.001620566107438791, Train Acc: 0.9779223132456584
Valid Loss: 0.0020768548240989943, Valid Acc: 0.9704749189395384
Test ARI: 0.017773325567441708
### Epoch 11
Train Loss: 0.0015788060813377394, Train Acc: 0.9788855298167981
Valid Loss: 0.0019217189243651291, Valid Acc: 0.9716574480259393
Test ARI: 0.02069645784965943
### Epoch 12
Train Loss: 0.0015197900024089034, Train Acc: 0.980373270263311
Valid Loss: 0.0021137321012951868, Valid Acc: 0.9697501430478733
Test ARI: 0.020336331992496768
### Epoch 13
Train Loss: 0.0015199565310600857, Train Acc: 0.9794195904899053
Valid Loss: 0.0020208040649156954, Valid Acc: 0.9723440778180431
Test ARI: 0.024252062745489186
### Epoch 14
Train Loss: 0.0014643231620416032, Train Acc: 0.9804495646451834
Valid Loss: 0.0021179504752238698, Valid Acc: 0.9713904253290101
Test ARI: 0.02190203837611963
### Epoch 15
Train Loss: 0.001444504572307577, Train Acc: 0.9810122357114928
Valid Loss: 0.0018727005742335398, Valid Acc: 0.9726111005149723
Test ARI: 0.02480346353482148
### Epoch 16
Train Loss: 0.001421574853003319, Train Acc: 0.9811266772843015
Valid Loss: 0.0017272654496632118, Valid Acc: 0.9749761586877742
Test ARI: 0.0216027012592289
### Epoch 17
Train Loss: 0.0014319070269859483, Train Acc: 0.9815081491936638
Valid Loss: 0.001914783716969151, Valid Acc: 0.9731832920083922
Test ARI: 0.016295337831876974
### Epoch 18
Train Loss: 0.0013813201039054655, Train Acc: 0.9819563786871645
Valid Loss: 0.0019247480039489239, Valid Acc: 0.971733740225062
Test ARI: 0.02284297554635881
### Epoch 19
Train Loss: 0.00136857508112682, Train Acc: 0.982385534585197
Valid Loss: 0.0017725920773248238, Valid Acc: 0.9750143047873355
Test ARI: 0.01866859043290638
### Epoch 20
Train Loss: 0.0013549911734626404, Train Acc: 0.982395071382931
Valid Loss: 0.0019208542586236924, Valid Acc: 0.9718863246233073
Test ARI: 0.022080603302567465
### Epoch 21
Train Loss: 0.0010280066291221942, Train Acc: 0.9866770935655226
Valid Loss: 0.0016886177085355654, Valid Acc: 0.9778371161548731
Test ARI: 0.01990696000951962
### Epoch 22
Train Loss: 0.000993073143491517, Train Acc: 0.9874686477774492
Valid Loss: 0.0015263907871422777, Valid Acc: 0.9776463856570665
Test ARI: 0.01764585177981669
### Epoch 23
Train Loss: 0.0009763447827534287, Train Acc: 0.9876307733389282
Valid Loss: 0.0015894148112247173, Valid Acc: 0.9773030707610146
Test ARI: 0.02436795448028887
### Epoch 24
Train Loss: 0.0009716486000130335, Train Acc: 0.9884986219327274
Valid Loss: 0.0016071455567029285, Valid Acc: 0.9775319473583826
Test ARI: 0.018702221710236947
### Epoch 25
Train Loss: 0.0009586593406003752, Train Acc: 0.9885367691236636
Valid Loss: 0.0015750327377931639, Valid Acc: 0.9783711615487316
Test ARI: 0.021305562754672065
### Epoch 26
Train Loss: 0.0009522569035510628, Train Acc: 0.9881457604165673
Valid Loss: 0.0017443895259676328, Valid Acc: 0.978065992752241
Test ARI: 0.020954632423904135
### Epoch 27
Train Loss: 0.0007689168156578184, Train Acc: 0.990777916591167
Valid Loss: 0.0014377842841472035, Valid Acc: 0.9798588594316231
Test ARI: 0.01962399478735113
### Epoch 28
Train Loss: 0.0007419320157447864, Train Acc: 0.991264293275604
Valid Loss: 0.0013978411154524871, Valid Acc: 0.9794011062368873
Test ARI: 0.0198216280893498
### Epoch 29
Train Loss: 0.0007370255423396985, Train Acc: 0.991445492432551
Valid Loss: 0.0014508695119429516, Valid Acc: 0.9796681289338165
Test ARI: 0.023620178268061155
### Epoch 30
Train Loss: 0.0007273237898422704, Train Acc: 0.9916743755781684
Valid Loss: 0.001454986470545234, Valid Acc: 0.9793248140377646
Test ARI: 0.02207814910909528
### Epoch 31
Train Loss: 0.0007338496015752391, Train Acc: 0.9915790076008278
Valid Loss: 0.0014396386322656502, Valid Acc: 0.9807362197215335
Test ARI: 0.021996459213119383
### Epoch 32
Train Loss: 0.0007180959565626684, Train Acc: 0.9915980811962959
Valid Loss: 0.0014093567132836145, Valid Acc: 0.9797062750333778
Test ARI: 0.02213707892512856
### Epoch 33
Train Loss: 0.0006029861595002761, Train Acc: 0.9934959039453732
Valid Loss: 0.0013152102640830513, Valid Acc: 0.9815372878123212
Test ARI: 0.02243852691398879
### Epoch 34
Train Loss: 0.0006010347630986751, Train Acc: 0.9932670207997558
Valid Loss: 0.0013437100658600007, Valid Acc: 0.9810795346175853
Test ARI: 0.021040171669592468
### Epoch 35
Train Loss: 0.0005916626100720109, Train Acc: 0.9932765575974899
Valid Loss: 0.0013293563636084128, Valid Acc: 0.9808888041197787
Test ARI: 0.021621782851617925
### Epoch 36
Train Loss: 0.0005866824344760636, Train Acc: 0.9937152502932566
Valid Loss: 0.001343450149591929, Valid Acc: 0.9815754339118825
Test ARI: 0.016637400746961725
### Epoch 37
Train Loss: 0.0005850313830588637, Train Acc: 0.9936484927091181
Valid Loss: 0.0013110411439205363, Valid Acc: 0.9813847034140759
Test ARI: 0.022553827169208562
### Epoch 38
Train Loss: 0.000565320973711217, Train Acc: 0.9941634797867572
Valid Loss: 0.0013491281250503462, Valid Acc: 0.981041388518024
Test ARI: 0.02432054697017181
### Epoch 39
Train Loss: 0.0005793417089088665, Train Acc: 0.9938964494502036
Valid Loss: 0.0013217935562076946, Valid Acc: 0.9814991417127599
Test ARI: 0.02005334184555129
### Epoch 40
Train Loss: 0.0005732498999483219, Train Acc: 0.994134869393555
Valid Loss: 0.0013588604973971945, Valid Acc: 0.9807362197215335
Test ARI: 0.01838617850853971
### Epoch 41
Train Loss: 0.0005669096471395387, Train Acc: 0.9941634797867572
Valid Loss: 0.0013042000536072375, Valid Acc: 0.9813084112149533
Test ARI: 0.025618610877363612
### Epoch 42
Train Loss: 0.0005623554951507708, Train Acc: 0.9945830988870556
Valid Loss: 0.0013316541416000347, Valid Acc: 0.9809650963189014
Test ARI: 0.017781487812822964
### Epoch 43
Train Loss: 0.000562376330803292, Train Acc: 0.9940490382139485
Valid Loss: 0.0013520288305833507, Valid Acc: 0.9811939729162693
Test ARI: 0.019863848228325008
### Epoch 44
Train Loss: 0.0005524147414303048, Train Acc: 0.9944495837187789
Valid Loss: 0.0013071823291069856, Valid Acc: 0.9813847034140759
Test ARI: 0.024241686133223913
### Epoch 45
Train Loss: 0.0005539062150893222, Train Acc: 0.9944018997301086
Valid Loss: 0.001306399063658571, Valid Acc: 0.9813847034140759
Test ARI: 0.02137857577003693
### Epoch 46
Train Loss: 0.0004913022780879797, Train Acc: 0.9955367786604614
Valid Loss: 0.0012850856133858348, Valid Acc: 0.9823765020026702
Test ARI: 0.022462317985635954
### Epoch 47
Train Loss: 0.0004909706479099843, Train Acc: 0.9949741075941521
Valid Loss: 0.0012872408895735384, Valid Acc: 0.9821857715048636
Test ARI: 0.02204042338935274
### Epoch 48
Train Loss: 0.0004939808822147293, Train Acc: 0.9951648435488332
Valid Loss: 0.0012707869884819674, Valid Acc: 0.9823383559031089
Test ARI: 0.015175356567399517
### Epoch 49
Train Loss: 0.0004931327506239523, Train Acc: 0.9949454972009498
Valid Loss: 0.0012879047826310503, Valid Acc: 0.9819568949074957
Test ARI: 0.017420889568017697
Best Val Acc: 0.9823765020026702
Test ARI of Best Val Acc Model: 0.022462317985635954
Run Time: 297.2142965
